<?xml version="1.0"?>
<testsuite name="Chrome Headless 130.0.0.0 (Mac OS 10.15.7)" package="" timestamp="2024-10-21T20:37:07" id="0" hostname="Zenias-MacBook-Pro.local" tests="1362" errors="0" failures="3" time="2.449">
  <properties>
    <property name="browser.fullName" value="Mozilla/5.0 (Macintosh; Intel Mac OS X 10_15_7) AppleWebKit/537.36 (KHTML, like Gecko) HeadlessChrome/130.0.0.0 Safari/537.36"/>
  </properties>
  <testcase name=" should return normalized language tag" time="0.003" classname="Chrome_Headless_130_0_0_0_(Mac_OS_10_15_7).">
    <failure type="">AssertionError: expected 'spa' to equal 'es'
    at Context.eval (webpack://dashjs/./test/unit/test/dash/dash.DashParser.js?:53:131)
</failure>
  </testcase>
  <testcase name=" should return normalized language tages for labels on AdaptationSets" time="0.001" classname="Chrome_Headless_130_0_0_0_(Mac_OS_10_15_7).">
    <failure type="">AssertionError: expected 'fre' to equal 'fr'
    at Context.eval (webpack://dashjs/./test/unit/test/dash/dash.DashParser.js?:63:81)
</failure>
  </testcase>
  <testcase name="Debug Default values" time="0" classname="Chrome_Headless_130_0_0_0_(Mac_OS_10_15_7).Debug"/>
  <testcase name="Debug should set log level" time="0" classname="Chrome_Headless_130_0_0_0_(Mac_OS_10_15_7).Debug"/>
  <testcase name="Debug Log Levels should return a logger with the right interface" time="0" classname="Chrome_Headless_130_0_0_0_(Mac_OS_10_15_7).Debug Log Levels"/>
  <testcase name="Debug Log Levels shouldnt write logs when LOG_LEVEL_NONE level is set" time="0.001" classname="Chrome_Headless_130_0_0_0_(Mac_OS_10_15_7).Debug Log Levels"/>
  <testcase name="Debug Log Levels should manage log levels correctly" time="0" classname="Chrome_Headless_130_0_0_0_(Mac_OS_10_15_7).Debug Log Levels"/>
  <testcase name="EventBus should throw an exception when attempting to register the on callback with an undefined type" time="0" classname="Chrome_Headless_130_0_0_0_(Mac_OS_10_15_7).EventBus"/>
  <testcase name="EventBus should throw an exception when attempting to register the on callback with an undefined listener" time="0" classname="Chrome_Headless_130_0_0_0_(Mac_OS_10_15_7).EventBus"/>
  <testcase name="EventBus should throw an exception when attempting to trigger a 'type' payload parameter" time="0.001" classname="Chrome_Headless_130_0_0_0_(Mac_OS_10_15_7).EventBus"/>
  <testcase name="EventBus should respect priority parameter in order to notify the different listeners" time="0" classname="Chrome_Headless_130_0_0_0_(Mac_OS_10_15_7).EventBus"/>
  <testcase name="EventBus should respect mode parameter in the on function in order to trigger events according to isEventStart option in trigger function" time="0.001" classname="Chrome_Headless_130_0_0_0_(Mac_OS_10_15_7).EventBus"/>
  <testcase name="EventBus should ignore onReceive events if no mode was specified in the callback handler" time="0" classname="Chrome_Headless_130_0_0_0_(Mac_OS_10_15_7).EventBus"/>
  <testcase name="EventBus should trigger onStart event if no mode was specified in the callback handler" time="0" classname="Chrome_Headless_130_0_0_0_(Mac_OS_10_15_7).EventBus"/>
  <testcase name="Utils getRelativeUrl Should return complete url if no original url is given" time="0" classname="Chrome_Headless_130_0_0_0_(Mac_OS_10_15_7).Utils getRelativeUrl"/>
  <testcase name="Utils getRelativeUrl Should return relative url if strings are different after server name" time="0" classname="Chrome_Headless_130_0_0_0_(Mac_OS_10_15_7).Utils getRelativeUrl"/>
  <testcase name="Utils getRelativeUrl Should return relative url if strings are similar up to one element before filename" time="0.001" classname="Chrome_Headless_130_0_0_0_(Mac_OS_10_15_7).Utils getRelativeUrl"/>
  <testcase name="Utils getRelativeUrl Should return relative url if strings are similar up to filename" time="0" classname="Chrome_Headless_130_0_0_0_(Mac_OS_10_15_7).Utils getRelativeUrl"/>
  <testcase name="Utils getRelativeUrl Should return complete url if origin is different" time="0" classname="Chrome_Headless_130_0_0_0_(Mac_OS_10_15_7).Utils getRelativeUrl"/>
  <testcase name="Utils getRelativeUrl Should return filename if origin differs in terms of SSL" time="0" classname="Chrome_Headless_130_0_0_0_(Mac_OS_10_15_7).Utils getRelativeUrl"/>
  <testcase name="Utils getRelativeUrl Should return relative url if part of the pathnames are not equal" time="0" classname="Chrome_Headless_130_0_0_0_(Mac_OS_10_15_7).Utils getRelativeUrl"/>
  <testcase name="Utils getRelativeUrl Should return relative url if target pathname is longer than source pathname " time="0" classname="Chrome_Headless_130_0_0_0_(Mac_OS_10_15_7).Utils getRelativeUrl"/>
  <testcase name="Utils getRelativeUrl Should return relative url if source pathname is longer than target pathname " time="0" classname="Chrome_Headless_130_0_0_0_(Mac_OS_10_15_7).Utils getRelativeUrl"/>
  <testcase name="Utils getRelativeUrl Should return relative url if source contains slash in the end " time="0" classname="Chrome_Headless_130_0_0_0_(Mac_OS_10_15_7).Utils getRelativeUrl"/>
  <testcase name="Utils getRelativeUrl Should return relative url if source pathnames are exceptionally long " time="0" classname="Chrome_Headless_130_0_0_0_(Mac_OS_10_15_7).Utils getRelativeUrl"/>
  <testcase name="Utils getRelativeUrl Should return relative url if source contains slash in the end and multiple elements in the path" time="0" classname="Chrome_Headless_130_0_0_0_(Mac_OS_10_15_7).Utils getRelativeUrl"/>
  <testcase name="Utils parseHttpHeaders Should handle null header" time="0" classname="Chrome_Headless_130_0_0_0_(Mac_OS_10_15_7).Utils parseHttpHeaders"/>
  <testcase name="Utils stringHasProtocol Should return true for valid http url" time="0.001" classname="Chrome_Headless_130_0_0_0_(Mac_OS_10_15_7).Utils stringHasProtocol"/>
  <testcase name="Utils stringHasProtocol Should return true for valid https url" time="0" classname="Chrome_Headless_130_0_0_0_(Mac_OS_10_15_7).Utils stringHasProtocol"/>
  <testcase name="Utils stringHasProtocol Should return false if url has no protocol" time="0" classname="Chrome_Headless_130_0_0_0_(Mac_OS_10_15_7).Utils stringHasProtocol"/>
  <testcase name="Utils addAdditionalQueryParameterToUrl Should escape URL with whitespaces correctly" time="0" classname="Chrome_Headless_130_0_0_0_(Mac_OS_10_15_7).Utils addAdditionalQueryParameterToUrl"/>
  <testcase name="Utils addAdditionalQueryParameterToUrl Should escape URL with CMCD parameters correctly" time="0" classname="Chrome_Headless_130_0_0_0_(Mac_OS_10_15_7).Utils addAdditionalQueryParameterToUrl"/>
  <testcase name="Utils addAdditionalQueryParameterToUrl Should return the original URL if no query parameters are provided" time="0" classname="Chrome_Headless_130_0_0_0_(Mac_OS_10_15_7).Utils addAdditionalQueryParameterToUrl"/>
  <testcase name="Utils addAdditionalQueryParameterToUrl Should not change capitalization of existing query parameters" time="0" classname="Chrome_Headless_130_0_0_0_(Mac_OS_10_15_7).Utils addAdditionalQueryParameterToUrl"/>
  <testcase name="Utils getHostFromUrl Should return a valid host for an http URL" time="0" classname="Chrome_Headless_130_0_0_0_(Mac_OS_10_15_7).Utils getHostFromUrl"/>
  <testcase name="Utils getHostFromUrl Should return a valid host for an http URL" time="0" classname="Chrome_Headless_130_0_0_0_(Mac_OS_10_15_7).Utils getHostFromUrl"/>
  <testcase name="Utils getCodecFamily should return AAC codec family" time="0.001" classname="Chrome_Headless_130_0_0_0_(Mac_OS_10_15_7).Utils getCodecFamily"/>
  <testcase name="Utils getCodecFamily should return default base for unknown family" time="0" classname="Chrome_Headless_130_0_0_0_(Mac_OS_10_15_7).Utils getCodecFamily"/>
  <testcase name="Errors Errors code should exist" time="0" classname="Chrome_Headless_130_0_0_0_(Mac_OS_10_15_7).Errors"/>
  <testcase name="DashAdapter SetConfig not previously called should throw an exception when attempting to call getStreamsInfo While the setConfig function was not called, and externalManifest parameter is defined" time="0" classname="Chrome_Headless_130_0_0_0_(Mac_OS_10_15_7).DashAdapter SetConfig not previously called"/>
  <testcase name="DashAdapter SetConfig not previously called should throw an exception when attempting to call getAllMediaInfoForType While the setConfig function was not called, and externalManifest parameter is defined" time="0" classname="Chrome_Headless_130_0_0_0_(Mac_OS_10_15_7).DashAdapter SetConfig not previously called"/>
  <testcase name="DashAdapter SetConfig not previously called should return an empty array when getEventsFor is called and voPeriods is an empty array" time="0" classname="Chrome_Headless_130_0_0_0_(Mac_OS_10_15_7).DashAdapter SetConfig not previously called"/>
  <testcase name="DashAdapter SetConfig not previously called should return an empty array when getAllMediaInfoForType is called and voPeriods is an empty array" time="0" classname="Chrome_Headless_130_0_0_0_(Mac_OS_10_15_7).DashAdapter SetConfig not previously called"/>
  <testcase name="DashAdapter SetConfig not previously called should return null when updatePeriods is called and newManifest is undefined" time="0" classname="Chrome_Headless_130_0_0_0_(Mac_OS_10_15_7).DashAdapter SetConfig not previously called"/>
  <testcase name="DashAdapter SetConfig not previously called should throw an error when updatePeriods is called and newManifest parameter is defined, while setConfig has not been called" time="0" classname="Chrome_Headless_130_0_0_0_(Mac_OS_10_15_7).DashAdapter SetConfig not previously called"/>
  <testcase name="DashAdapter SetConfig not previously called should return null when getMediaInfoForType is called and voPeriods is an empty array" time="0" classname="Chrome_Headless_130_0_0_0_(Mac_OS_10_15_7).DashAdapter SetConfig not previously called"/>
  <testcase name="DashAdapter SetConfig not previously called should return null when getEvent is called and no parameter is set" time="0" classname="Chrome_Headless_130_0_0_0_(Mac_OS_10_15_7).DashAdapter SetConfig not previously called"/>
  <testcase name="DashAdapter SetConfig not previously called should return null when getEvent is called and an empty eventBox parameter is set and eventStreams is undefined" time="0" classname="Chrome_Headless_130_0_0_0_(Mac_OS_10_15_7).DashAdapter SetConfig not previously called"/>
  <testcase name="DashAdapter SetConfig not previously called should return null when getEvent is called and an empty eventBox and eventStreams parameters are set" time="0" classname="Chrome_Headless_130_0_0_0_(Mac_OS_10_15_7).DashAdapter SetConfig not previously called"/>
  <testcase name="DashAdapter SetConfig not previously called should return null when getEvent is called and no media start time is set" time="0" classname="Chrome_Headless_130_0_0_0_(Mac_OS_10_15_7).DashAdapter SetConfig not previously called"/>
  <testcase name="DashAdapter SetConfig not previously called should return null when getEvent is called and no representation is set" time="0" classname="Chrome_Headless_130_0_0_0_(Mac_OS_10_15_7).DashAdapter SetConfig not previously called"/>
  <testcase name="DashAdapter SetConfig not previously called should return null when getEvent is called and no period is set in the representation" time="0" classname="Chrome_Headless_130_0_0_0_(Mac_OS_10_15_7).DashAdapter SetConfig not previously called"/>
  <testcase name="DashAdapter SetConfig not previously called should return an empty event object when getEvent is called and parameters are set" time="0" classname="Chrome_Headless_130_0_0_0_(Mac_OS_10_15_7).DashAdapter SetConfig not previously called"/>
  <testcase name="DashAdapter SetConfig not previously called should calculate correct start time for a version 0 event without PTO" time="0" classname="Chrome_Headless_130_0_0_0_(Mac_OS_10_15_7).DashAdapter SetConfig not previously called"/>
  <testcase name="DashAdapter SetConfig not previously called should calculate correct start time for a version 0 event with PTO" time="0" classname="Chrome_Headless_130_0_0_0_(Mac_OS_10_15_7).DashAdapter SetConfig not previously called"/>
  <testcase name="DashAdapter SetConfig not previously called should calculate correct start time for a version 1 event without PTO" time="0" classname="Chrome_Headless_130_0_0_0_(Mac_OS_10_15_7).DashAdapter SetConfig not previously called"/>
  <testcase name="DashAdapter SetConfig not previously called should calculate correct start time for a version 1 event with PTO in representation" time="0" classname="Chrome_Headless_130_0_0_0_(Mac_OS_10_15_7).DashAdapter SetConfig not previously called"/>
  <testcase name="DashAdapter SetConfig not previously called should calculate correct start time for a version 1 event with PTO in eventStream and representation" time="0" classname="Chrome_Headless_130_0_0_0_(Mac_OS_10_15_7).DashAdapter SetConfig not previously called"/>
  <testcase name="DashAdapter SetConfig not previously called should calculate correct start time for a version 1 event with timescale > 1 and PTO in eventStream" time="0" classname="Chrome_Headless_130_0_0_0_(Mac_OS_10_15_7).DashAdapter SetConfig not previously called"/>
  <testcase name="DashAdapter SetConfig not previously called should return undefined when getRealAdaptation is called and streamInfo parameter is null or undefined" time="0" classname="Chrome_Headless_130_0_0_0_(Mac_OS_10_15_7).DashAdapter SetConfig not previously called"/>
  <testcase name="DashAdapter SetConfig not previously called should return undefined when getRealAdaptation is called and mediaInfo parameter is null or undefined" time="0.001" classname="Chrome_Headless_130_0_0_0_(Mac_OS_10_15_7).DashAdapter SetConfig not previously called"/>
  <testcase name="DashAdapter SetConfig not previously called should return empty array when getProducerReferenceTimes is called and streamInfo parameter is null or undefined" time="0" classname="Chrome_Headless_130_0_0_0_(Mac_OS_10_15_7).DashAdapter SetConfig not previously called"/>
  <testcase name="DashAdapter SetConfig not previously called should return empty array when getProducerReferenceTimes is called and mediaInfo parameter is null or undefined" time="0" classname="Chrome_Headless_130_0_0_0_(Mac_OS_10_15_7).DashAdapter SetConfig not previously called"/>
  <testcase name="DashAdapter SetConfig not previously called should return empty array when getUTCTimingSources is called and no period is defined" time="0" classname="Chrome_Headless_130_0_0_0_(Mac_OS_10_15_7).DashAdapter SetConfig not previously called"/>
  <testcase name="DashAdapter SetConfig not previously called should return null when getSuggestedPresentationDelay is called and no period is defined" time="0" classname="Chrome_Headless_130_0_0_0_(Mac_OS_10_15_7).DashAdapter SetConfig not previously called"/>
  <testcase name="DashAdapter SetConfig not previously called should return false when getIsDynamic is called and no period is defined" time="0" classname="Chrome_Headless_130_0_0_0_(Mac_OS_10_15_7).DashAdapter SetConfig not previously called"/>
  <testcase name="DashAdapter SetConfig not previously called should return Number.MAX_SAFE_INTEGER || Number.MAX_VALUE when getDuration is called and no period is defined" time="0" classname="Chrome_Headless_130_0_0_0_(Mac_OS_10_15_7).DashAdapter SetConfig not previously called"/>
  <testcase name="DashAdapter SetConfig not previously called should return null when getAvailabilityStartTime is called and no period is defined" time="0" classname="Chrome_Headless_130_0_0_0_(Mac_OS_10_15_7).DashAdapter SetConfig not previously called"/>
  <testcase name="DashAdapter SetConfig not previously called should return empty array when getRegularPeriods is called and no period is defined" time="0.001" classname="Chrome_Headless_130_0_0_0_(Mac_OS_10_15_7).DashAdapter SetConfig not previously called"/>
  <testcase name="DashAdapter SetConfig previously called should return undefined when getVoRepresentations is called and mediaInfo parameter is null or undefined" time="0" classname="Chrome_Headless_130_0_0_0_(Mac_OS_10_15_7).DashAdapter SetConfig previously called"/>
  <testcase name="DashAdapter SetConfig previously called should return the first adaptation when getMainAdaptationForType is called and streamInfo is undefined" time="0.001" classname="Chrome_Headless_130_0_0_0_(Mac_OS_10_15_7).DashAdapter SetConfig previously called"/>
  <testcase name="DashAdapter SetConfig previously called should return an empty array getStreamsInfo externalManifest is an empty object and maxStreamsInfo is undefined" time="0" classname="Chrome_Headless_130_0_0_0_(Mac_OS_10_15_7).DashAdapter SetConfig previously called"/>
  <testcase name="DashAdapter SetConfig previously called should return an empty array getStreamsInfo externalManifest is not an empty object and maxStreamsInfo is defined" time="0" classname="Chrome_Headless_130_0_0_0_(Mac_OS_10_15_7).DashAdapter SetConfig previously called"/>
  <testcase name="DashAdapter SetConfig previously called updatePeriods previously called should return null when getMediaInfoForType is called and voPeriods is not an empty array, but streamInfo is undefined" time="0" classname="Chrome_Headless_130_0_0_0_(Mac_OS_10_15_7).DashAdapter SetConfig previously called updatePeriods previously called"/>
  <testcase name="DashAdapter SetConfig previously called updatePeriods previously called should return null when getMediaInfoForType is called and voPeriods is not an empty array, and streamInfo is defined but not in the current manifest" time="0" classname="Chrome_Headless_130_0_0_0_(Mac_OS_10_15_7).DashAdapter SetConfig previously called updatePeriods previously called"/>
  <testcase name="DashAdapter SetConfig previously called updatePeriods previously called should return null when getMediaInfoForType is called and voPeriods is not an empty array, and streamInfo is defined" time="0.001" classname="Chrome_Headless_130_0_0_0_(Mac_OS_10_15_7).DashAdapter SetConfig previously called updatePeriods previously called"/>
  <testcase name="DashAdapter SetConfig previously called updatePeriods previously called should return null when getBandwidthForRepresentation is called and representationId and periodId are undefined" time="0" classname="Chrome_Headless_130_0_0_0_(Mac_OS_10_15_7).DashAdapter SetConfig previously called updatePeriods previously called"/>
  <testcase name="DashAdapter SetConfig previously called updatePeriods previously called should return -1 when getIndexForRepresentation is called and representationId and periodIdx are undefined" time="0" classname="Chrome_Headless_130_0_0_0_(Mac_OS_10_15_7).DashAdapter SetConfig previously called updatePeriods previously called"/>
  <testcase name="DashAdapter SetConfig previously called updatePeriods previously called should return undefined when getRealAdaptation is called and streamInfo parameter is null or undefined" time="0" classname="Chrome_Headless_130_0_0_0_(Mac_OS_10_15_7).DashAdapter SetConfig previously called updatePeriods previously called"/>
  <testcase name="DashAdapter SetConfig previously called updatePeriods previously called should return an empty array when getEventsFor is called and info parameter is undefined" time="0" classname="Chrome_Headless_130_0_0_0_(Mac_OS_10_15_7).DashAdapter SetConfig previously called updatePeriods previously called"/>
  <testcase name="DashAdapter SetConfig previously called updatePeriods previously called should return an empty array when getAllMediaInfoForType is called and voPeriods is not an empty array" time="0.001" classname="Chrome_Headless_130_0_0_0_(Mac_OS_10_15_7).DashAdapter SetConfig previously called updatePeriods previously called"/>
  <testcase name="DashAdapter SetConfig previously called updatePeriods previously called should return an empty array when getAllMediaInfoForType is called and voPeriods is not an empty array, and streamInfo parameter is set" time="0" classname="Chrome_Headless_130_0_0_0_(Mac_OS_10_15_7).DashAdapter SetConfig previously called updatePeriods previously called"/>
  <testcase name="DashAdapter SetConfig previously called updatePeriods previously called should return an empty array when getAllMediaInfoForType is called and externalManifest is set" time="0" classname="Chrome_Headless_130_0_0_0_(Mac_OS_10_15_7).DashAdapter SetConfig previously called updatePeriods previously called"/>
  <testcase name="DashAdapter SetConfig previously called updatePeriods previously called should return an empty array when getAllMediaInfoForType is called and, text type and externalManifest are set" time="0" classname="Chrome_Headless_130_0_0_0_(Mac_OS_10_15_7).DashAdapter SetConfig previously called updatePeriods previously called"/>
  <testcase name="DashAdapter SetConfig previously called updatePeriods previously called should read service description attributes" time="0" classname="Chrome_Headless_130_0_0_0_(Mac_OS_10_15_7).DashAdapter SetConfig previously called updatePeriods previously called"/>
  <testcase name="DashAdapter SetConfig previously called updatePeriods previously called mediainfo populated from manifest essential properties should be empty if not defined" time="0" classname="Chrome_Headless_130_0_0_0_(Mac_OS_10_15_7).DashAdapter SetConfig previously called updatePeriods previously called mediainfo populated from manifest"/>
  <testcase name="DashAdapter SetConfig previously called updatePeriods previously called mediainfo populated from manifest essential properties should be filled if correctly defined" time="0" classname="Chrome_Headless_130_0_0_0_(Mac_OS_10_15_7).DashAdapter SetConfig previously called updatePeriods previously called mediainfo populated from manifest"/>
  <testcase name="DashAdapter SetConfig previously called updatePeriods previously called mediainfo populated from manifest essential properties should be filled if set on all representations" time="0" classname="Chrome_Headless_130_0_0_0_(Mac_OS_10_15_7).DashAdapter SetConfig previously called updatePeriods previously called mediainfo populated from manifest"/>
  <testcase name="DashAdapter SetConfig previously called updatePeriods previously called mediainfo populated from manifest essential properties should not be filled if not set on all representations" time="0" classname="Chrome_Headless_130_0_0_0_(Mac_OS_10_15_7).DashAdapter SetConfig previously called updatePeriods previously called mediainfo populated from manifest"/>
  <testcase name="DashAdapter SetConfig previously called updatePeriods previously called mediainfo populated from manifest supplemental properties should be empty if not defined" time="0" classname="Chrome_Headless_130_0_0_0_(Mac_OS_10_15_7).DashAdapter SetConfig previously called updatePeriods previously called mediainfo populated from manifest"/>
  <testcase name="DashAdapter SetConfig previously called updatePeriods previously called mediainfo populated from manifest supplemental properties should be filled if correctly defined" time="0" classname="Chrome_Headless_130_0_0_0_(Mac_OS_10_15_7).DashAdapter SetConfig previously called updatePeriods previously called mediainfo populated from manifest"/>
  <testcase name="DashAdapter SetConfig previously called updatePeriods previously called mediainfo populated from manifest supplemental properties should be filled if set on all representations" time="0" classname="Chrome_Headless_130_0_0_0_(Mac_OS_10_15_7).DashAdapter SetConfig previously called updatePeriods previously called mediainfo populated from manifest"/>
  <testcase name="DashAdapter SetConfig previously called updatePeriods previously called mediainfo populated from manifest supplemental properties should not be filled if not set on all representations" time="0" classname="Chrome_Headless_130_0_0_0_(Mac_OS_10_15_7).DashAdapter SetConfig previously called updatePeriods previously called mediainfo populated from manifest"/>
  <testcase name="DashAdapter SetConfig previously called updatePeriods previously called mediainfo populated from manifest audio channel config should be filled" time="0" classname="Chrome_Headless_130_0_0_0_(Mac_OS_10_15_7).DashAdapter SetConfig previously called updatePeriods previously called mediainfo populated from manifest"/>
  <testcase name="DashAdapter SetConfig previously called updatePeriods previously called mediainfo populated from manifest audio channel config should be filled when present on Representation" time="0" classname="Chrome_Headless_130_0_0_0_(Mac_OS_10_15_7).DashAdapter SetConfig previously called updatePeriods previously called mediainfo populated from manifest"/>
  <testcase name="DashAdapter SetConfig previously called updatePeriods previously called mediainfo populated from manifest role, accessibility and viewpoint should be empty if not defined" time="0" classname="Chrome_Headless_130_0_0_0_(Mac_OS_10_15_7).DashAdapter SetConfig previously called updatePeriods previously called mediainfo populated from manifest"/>
  <testcase name="DashAdapter SetConfig previously called updatePeriods previously called mediainfo populated from manifest role should be filled" time="0" classname="Chrome_Headless_130_0_0_0_(Mac_OS_10_15_7).DashAdapter SetConfig previously called updatePeriods previously called mediainfo populated from manifest"/>
  <testcase name="DashAdapter SetConfig previously called updatePeriods previously called mediainfo populated from manifest accessibility should be filled" time="0" classname="Chrome_Headless_130_0_0_0_(Mac_OS_10_15_7).DashAdapter SetConfig previously called updatePeriods previously called mediainfo populated from manifest"/>
  <testcase name="DashAdapter SetConfig previously called updatePeriods previously called mediainfo populated from manifest viewpoint should be filled" time="0.001" classname="Chrome_Headless_130_0_0_0_(Mac_OS_10_15_7).DashAdapter SetConfig previously called updatePeriods previously called mediainfo populated from manifest"/>
  <testcase name="DashAdapter SetConfig previously called getPatchLocation should provide patch location if present and not expired" time="0.003" classname="Chrome_Headless_130_0_0_0_(Mac_OS_10_15_7).DashAdapter SetConfig previously called getPatchLocation"/>
  <testcase name="DashAdapter SetConfig previously called getPatchLocation should not provide patch location if present and expired" time="0" classname="Chrome_Headless_130_0_0_0_(Mac_OS_10_15_7).DashAdapter SetConfig previously called getPatchLocation"/>
  <testcase name="DashAdapter SetConfig previously called getPatchLocation should provide patch location if present and never expires" time="0" classname="Chrome_Headless_130_0_0_0_(Mac_OS_10_15_7).DashAdapter SetConfig previously called getPatchLocation"/>
  <testcase name="DashAdapter SetConfig previously called getPatchLocation should not provide patch location if not present" time="0" classname="Chrome_Headless_130_0_0_0_(Mac_OS_10_15_7).DashAdapter SetConfig previously called getPatchLocation"/>
  <testcase name="DashAdapter SetConfig previously called getPatchLocation should not provide patch location if present in manifest without publish time" time="0" classname="Chrome_Headless_130_0_0_0_(Mac_OS_10_15_7).DashAdapter SetConfig previously called getPatchLocation"/>
  <testcase name="DashAdapter SetConfig previously called isPatchValid considers patch invalid if no patch given" time="0" classname="Chrome_Headless_130_0_0_0_(Mac_OS_10_15_7).DashAdapter SetConfig previously called isPatchValid"/>
  <testcase name="DashAdapter SetConfig previously called isPatchValid considers patch invalid if no manifest given" time="0" classname="Chrome_Headless_130_0_0_0_(Mac_OS_10_15_7).DashAdapter SetConfig previously called isPatchValid"/>
  <testcase name="DashAdapter SetConfig previously called isPatchValid considers patch invalid if manifest has no id" time="0" classname="Chrome_Headless_130_0_0_0_(Mac_OS_10_15_7).DashAdapter SetConfig previously called isPatchValid"/>
  <testcase name="DashAdapter SetConfig previously called isPatchValid considers patch invalid if patch has no manifest id" time="0" classname="Chrome_Headless_130_0_0_0_(Mac_OS_10_15_7).DashAdapter SetConfig previously called isPatchValid"/>
  <testcase name="DashAdapter SetConfig previously called isPatchValid considers patch invalid if manifest has no publish time" time="0" classname="Chrome_Headless_130_0_0_0_(Mac_OS_10_15_7).DashAdapter SetConfig previously called isPatchValid"/>
  <testcase name="DashAdapter SetConfig previously called isPatchValid considers patch invalid if patch has no original publish time" time="0" classname="Chrome_Headless_130_0_0_0_(Mac_OS_10_15_7).DashAdapter SetConfig previously called isPatchValid"/>
  <testcase name="DashAdapter SetConfig previously called isPatchValid considers patch invalid if both objects missing ids" time="0" classname="Chrome_Headless_130_0_0_0_(Mac_OS_10_15_7).DashAdapter SetConfig previously called isPatchValid"/>
  <testcase name="DashAdapter SetConfig previously called isPatchValid considers patch invalid if both objects missing mpd publish times" time="0" classname="Chrome_Headless_130_0_0_0_(Mac_OS_10_15_7).DashAdapter SetConfig previously called isPatchValid"/>
  <testcase name="DashAdapter SetConfig previously called isPatchValid considers patch invalid if patch missing new publish time" time="0" classname="Chrome_Headless_130_0_0_0_(Mac_OS_10_15_7).DashAdapter SetConfig previously called isPatchValid"/>
  <testcase name="DashAdapter SetConfig previously called isPatchValid considers patch invalid if ids do not match" time="0" classname="Chrome_Headless_130_0_0_0_(Mac_OS_10_15_7).DashAdapter SetConfig previously called isPatchValid"/>
  <testcase name="DashAdapter SetConfig previously called isPatchValid considers patch invalid if publish times do not match" time="0" classname="Chrome_Headless_130_0_0_0_(Mac_OS_10_15_7).DashAdapter SetConfig previously called isPatchValid"/>
  <testcase name="DashAdapter SetConfig previously called isPatchValid considers patch invalid if new publish time is not later than previous" time="0" classname="Chrome_Headless_130_0_0_0_(Mac_OS_10_15_7).DashAdapter SetConfig previously called isPatchValid"/>
  <testcase name="DashAdapter SetConfig previously called isPatchValid considers patch valid if ids, publish times match, and new publish time is later than previous" time="0" classname="Chrome_Headless_130_0_0_0_(Mac_OS_10_15_7).DashAdapter SetConfig previously called isPatchValid"/>
  <testcase name="DashAdapter SetConfig previously called applyPatchToManifest applies add operation to structure with no siblings" time="0.001" classname="Chrome_Headless_130_0_0_0_(Mac_OS_10_15_7).DashAdapter SetConfig previously called applyPatchToManifest"/>
  <testcase name="DashAdapter SetConfig previously called applyPatchToManifest applies add operation to structure with single sibling" time="0" classname="Chrome_Headless_130_0_0_0_(Mac_OS_10_15_7).DashAdapter SetConfig previously called applyPatchToManifest"/>
  <testcase name="DashAdapter SetConfig previously called applyPatchToManifest applies add implicit append operation with siblings" time="0" classname="Chrome_Headless_130_0_0_0_(Mac_OS_10_15_7).DashAdapter SetConfig previously called applyPatchToManifest"/>
  <testcase name="DashAdapter SetConfig previously called applyPatchToManifest applies add prepend operation with siblings" time="0" classname="Chrome_Headless_130_0_0_0_(Mac_OS_10_15_7).DashAdapter SetConfig previously called applyPatchToManifest"/>
  <testcase name="DashAdapter SetConfig previously called applyPatchToManifest applies add before operation with siblings" time="0" classname="Chrome_Headless_130_0_0_0_(Mac_OS_10_15_7).DashAdapter SetConfig previously called applyPatchToManifest"/>
  <testcase name="DashAdapter SetConfig previously called applyPatchToManifest applies add after operation with siblings" time="0" classname="Chrome_Headless_130_0_0_0_(Mac_OS_10_15_7).DashAdapter SetConfig previously called applyPatchToManifest"/>
  <testcase name="DashAdapter SetConfig previously called applyPatchToManifest applies add attribute operation" time="0.001" classname="Chrome_Headless_130_0_0_0_(Mac_OS_10_15_7).DashAdapter SetConfig previously called applyPatchToManifest"/>
  <testcase name="DashAdapter SetConfig previously called applyPatchToManifest applies add attribute operation on existing attribute, should act as replace" time="0" classname="Chrome_Headless_130_0_0_0_(Mac_OS_10_15_7).DashAdapter SetConfig previously called applyPatchToManifest"/>
  <testcase name="DashAdapter SetConfig previously called applyPatchToManifest applies replace operation with siblings" time="0" classname="Chrome_Headless_130_0_0_0_(Mac_OS_10_15_7).DashAdapter SetConfig previously called applyPatchToManifest"/>
  <testcase name="DashAdapter SetConfig previously called applyPatchToManifest applies replace operation without siblings" time="0" classname="Chrome_Headless_130_0_0_0_(Mac_OS_10_15_7).DashAdapter SetConfig previously called applyPatchToManifest"/>
  <testcase name="DashAdapter SetConfig previously called applyPatchToManifest applies replace operation to attribute" time="0" classname="Chrome_Headless_130_0_0_0_(Mac_OS_10_15_7).DashAdapter SetConfig previously called applyPatchToManifest"/>
  <testcase name="DashAdapter SetConfig previously called applyPatchToManifest applies remove operation leaving multiple siblings" time="0" classname="Chrome_Headless_130_0_0_0_(Mac_OS_10_15_7).DashAdapter SetConfig previously called applyPatchToManifest"/>
  <testcase name="DashAdapter SetConfig previously called applyPatchToManifest applies remove operation leaving one sibling" time="0" classname="Chrome_Headless_130_0_0_0_(Mac_OS_10_15_7).DashAdapter SetConfig previously called applyPatchToManifest"/>
  <testcase name="DashAdapter SetConfig previously called applyPatchToManifest applies remove operation leaving no siblings" time="0" classname="Chrome_Headless_130_0_0_0_(Mac_OS_10_15_7).DashAdapter SetConfig previously called applyPatchToManifest"/>
  <testcase name="DashAdapter SetConfig previously called applyPatchToManifest applies remove attribute operation" time="0" classname="Chrome_Headless_130_0_0_0_(Mac_OS_10_15_7).DashAdapter SetConfig previously called applyPatchToManifest"/>
  <testcase name="DashAdapter SetConfig previously called applyPatchToManifest applies multiple operations respecting order" time="0.001" classname="Chrome_Headless_130_0_0_0_(Mac_OS_10_15_7).DashAdapter SetConfig previously called applyPatchToManifest"/>
  <testcase name="DashAdapter SetConfig previously called applyPatchToManifest invalid operations are ignored" time="0" classname="Chrome_Headless_130_0_0_0_(Mac_OS_10_15_7).DashAdapter SetConfig previously called applyPatchToManifest"/>
  <testcase name="DashAdapter areMediaInfosEqual should return false if 1st MediaInfo is not set" time="0" classname="Chrome_Headless_130_0_0_0_(Mac_OS_10_15_7).DashAdapter areMediaInfosEqual"/>
  <testcase name="DashAdapter areMediaInfosEqual should return false if 2nd MediaInfo is not set" time="0.001" classname="Chrome_Headless_130_0_0_0_(Mac_OS_10_15_7).DashAdapter areMediaInfosEqual"/>
  <testcase name="DashAdapter areMediaInfosEqual should return true if MediaInfos are equal" time="0" classname="Chrome_Headless_130_0_0_0_(Mac_OS_10_15_7).DashAdapter areMediaInfosEqual"/>
  <testcase name="DashAdapter areMediaInfosEqual should return false if MediaInfos are not equal" time="0" classname="Chrome_Headless_130_0_0_0_(Mac_OS_10_15_7).DashAdapter areMediaInfosEqual"/>
  <testcase name="DashHandler should generate an init segment for a representation" time="0.001" classname="Chrome_Headless_130_0_0_0_(Mac_OS_10_15_7).DashHandler"/>
  <testcase name="DashHandler should return null when trying to get an init request with no representation" time="0" classname="Chrome_Headless_130_0_0_0_(Mac_OS_10_15_7).DashHandler"/>
  <testcase name="DashHandler should return null when trying to get a media segment with no representation" time="0" classname="Chrome_Headless_130_0_0_0_(Mac_OS_10_15_7).DashHandler"/>
  <testcase name="DashHandler should return null when trying to get a media segment with an empty representation parameter" time="0" classname="Chrome_Headless_130_0_0_0_(Mac_OS_10_15_7).DashHandler"/>
  <testcase name="DashHandler should return ??? when trying to get a media segment with conform representation parameter" time="0" classname="Chrome_Headless_130_0_0_0_(Mac_OS_10_15_7).DashHandler"/>
  <testcase name="DashHandler should return null when trying to get next a media segment with no representation" time="0" classname="Chrome_Headless_130_0_0_0_(Mac_OS_10_15_7).DashHandler"/>
  <testcase name="DashHandler getValidTimeAheadOfTargetTime() should return NaN if no parameters are passed" time="0" classname="Chrome_Headless_130_0_0_0_(Mac_OS_10_15_7).DashHandler getValidTimeAheadOfTargetTime()"/>
  <testcase name="DashHandler getValidTimeAheadOfTargetTime() should return NaN if time is not a valid number" time="0" classname="Chrome_Headless_130_0_0_0_(Mac_OS_10_15_7).DashHandler getValidTimeAheadOfTargetTime()"/>
  <testcase name="DashHandler getValidTimeAheadOfTargetTime() should return NaN if time if invalid mediainfo is passed" time="0" classname="Chrome_Headless_130_0_0_0_(Mac_OS_10_15_7).DashHandler getValidTimeAheadOfTargetTime()"/>
  <testcase name="DashHandler getValidTimeAheadOfTargetTime() should return NaN if time if invalid representation is passed" time="0" classname="Chrome_Headless_130_0_0_0_(Mac_OS_10_15_7).DashHandler getValidTimeAheadOfTargetTime()"/>
  <testcase name="DashHandler getValidTimeAheadOfTargetTime() should return valid time if request can be found and segment durations cover whole period" time="0.001" classname="Chrome_Headless_130_0_0_0_(Mac_OS_10_15_7).DashHandler getValidTimeAheadOfTargetTime()"/>
  <testcase name="DashHandler getValidTimeAheadOfTargetTime() should return NaN if requested time is larger than period end" time="0" classname="Chrome_Headless_130_0_0_0_(Mac_OS_10_15_7).DashHandler getValidTimeAheadOfTargetTime()"/>
  <testcase name="DashHandler getValidTimeAheadOfTargetTime() should return valid time if requested time is smaller than period start" time="0" classname="Chrome_Headless_130_0_0_0_(Mac_OS_10_15_7).DashHandler getValidTimeAheadOfTargetTime()"/>
  <testcase name="DashHandler getValidTimeAheadOfTargetTime() should return NaN if no valid segment is found for time and gap is right period end of period" time="0.001" classname="Chrome_Headless_130_0_0_0_(Mac_OS_10_15_7).DashHandler getValidTimeAheadOfTargetTime()"/>
  <testcase name="DashHandler getValidTimeAheadOfTargetTime() should return valid time period duration is set to infinite" time="0" classname="Chrome_Headless_130_0_0_0_(Mac_OS_10_15_7).DashHandler getValidTimeAheadOfTargetTime()"/>
  <testcase name="DashHandler getValidTimeAheadOfTargetTime() should return valid time on the right side of the timeline if gap is in the middle and target time is close to left side of the timeline" time="0" classname="Chrome_Headless_130_0_0_0_(Mac_OS_10_15_7).DashHandler getValidTimeAheadOfTargetTime()"/>
  <testcase name="DashHandler getValidTimeAheadOfTargetTime() should return valid time if gap is in the middle and target time is close to right side of the buffer" time="0.001" classname="Chrome_Headless_130_0_0_0_(Mac_OS_10_15_7).DashHandler getValidTimeAheadOfTargetTime()"/>
  <testcase name="DashHandler getValidTimeAheadOfTargetTime() should return NaN if there is only a valid seek time on the left side of the timeline" time="0" classname="Chrome_Headless_130_0_0_0_(Mac_OS_10_15_7).DashHandler getValidTimeAheadOfTargetTime()"/>
  <testcase name="DashHandler getValidTimeAheadOfTargetTime() should return valid time if only one valid segment after target time" time="0" classname="Chrome_Headless_130_0_0_0_(Mac_OS_10_15_7).DashHandler getValidTimeAheadOfTargetTime()"/>
  <testcase name="DashHandler getValidTimeAheadOfTargetTime() should return valid time for floating point numbers" time="0" classname="Chrome_Headless_130_0_0_0_(Mac_OS_10_15_7).DashHandler getValidTimeAheadOfTargetTime()"/>
  <testcase name="DashHandler getValidTimeAheadOfTargetTime() buffering time is outside of period values for some reason. Return original buffering time" time="0" classname="Chrome_Headless_130_0_0_0_(Mac_OS_10_15_7).DashHandler getValidTimeAheadOfTargetTime()"/>
  <testcase name="DashMetrics should return null when getCurrentRepresentationSwitch is called and type is undefined" time="0" classname="Chrome_Headless_130_0_0_0_(Mac_OS_10_15_7).DashMetrics"/>
  <testcase name="DashMetrics should return 0 when getCurrentBufferLevel is called and type is undefined" time="0" classname="Chrome_Headless_130_0_0_0_(Mac_OS_10_15_7).DashMetrics"/>
  <testcase name="DashMetrics should return null when getCurrentDroppedFrames is called" time="0" classname="Chrome_Headless_130_0_0_0_(Mac_OS_10_15_7).DashMetrics"/>
  <testcase name="DashMetrics getCurrentHttpRequest should return null when getCurrentHttpRequest is called and mediaType is undefined" time="0.001" classname="Chrome_Headless_130_0_0_0_(Mac_OS_10_15_7).DashMetrics getCurrentHttpRequest"/>
  <testcase name="DashMetrics getCurrentHttpRequest should return null when getCurrentHttpRequest is called and metrics.httpList is undefined" time="0" classname="Chrome_Headless_130_0_0_0_(Mac_OS_10_15_7).DashMetrics getCurrentHttpRequest"/>
  <testcase name="DashMetrics getHttpRequests should return an empty array when getHttpRequests is called and metrics is undefined" time="0" classname="Chrome_Headless_130_0_0_0_(Mac_OS_10_15_7).DashMetrics getHttpRequests"/>
  <testcase name="DashMetrics getHttpRequests should return an empty array when getHttpRequests is called and metrics.httpList is undefined" time="0" classname="Chrome_Headless_130_0_0_0_(Mac_OS_10_15_7).DashMetrics getHttpRequests"/>
  <testcase name="DashMetrics getLatestMPDRequestHeaderValueByID should treat headers case-insensitively" time="0" classname="Chrome_Headless_130_0_0_0_(Mac_OS_10_15_7).DashMetrics getLatestMPDRequestHeaderValueByID"/>
  <testcase name="DashMetrics getLatestMPDRequestHeaderValueByID should return null when getLatestMPDRequestHeaderValueByID is called and id is undefined" time="0" classname="Chrome_Headless_130_0_0_0_(Mac_OS_10_15_7).DashMetrics getLatestMPDRequestHeaderValueByID"/>
  <testcase name="DashMetrics getLatestMPDRequestHeaderValueByID should return null when getLatestMPDRequestHeaderValueByID is called and metrics is defined but id is undefined" time="0" classname="Chrome_Headless_130_0_0_0_(Mac_OS_10_15_7).DashMetrics getLatestMPDRequestHeaderValueByID"/>
  <testcase name="DashMetrics getLatestFragmentRequestHeaderValueByID should treat headers case-insensitively" time="0" classname="Chrome_Headless_130_0_0_0_(Mac_OS_10_15_7).DashMetrics getLatestFragmentRequestHeaderValueByID"/>
  <testcase name="DashMetrics getLatestFragmentRequestHeaderValueByID should return null when getLatestFragmentRequestHeaderValueByID is called and metrics, type and id are undefined" time="0" classname="Chrome_Headless_130_0_0_0_(Mac_OS_10_15_7).DashMetrics getLatestFragmentRequestHeaderValueByID"/>
  <testcase name="DashMetrics getLatestFragmentRequestHeaderValueByID should return null when getLatestFragmentRequestHeaderValueByID is called and httpRequest._responseHeaders and id are undefined" time="0.001" classname="Chrome_Headless_130_0_0_0_(Mac_OS_10_15_7).DashMetrics getLatestFragmentRequestHeaderValueByID"/>
  <testcase name="DashParser should throw an error when parse is called without data and config object has been set properly" time="0" classname="Chrome_Headless_130_0_0_0_(Mac_OS_10_15_7).DashParser"/>
  <testcase name="DashParser should throw an error when parse is called with invalid data" time="0.004" classname="Chrome_Headless_130_0_0_0_(Mac_OS_10_15_7).DashParser"/>
  <testcase name="DashParser should return an Object when parse is called with correct data" time="0.015" classname="Chrome_Headless_130_0_0_0_(Mac_OS_10_15_7).DashParser"/>
  <testcase name="SegmentBaseLoader Well initialized should work if loadInitialization function is called without representation parameter" time="0.001" classname="Chrome_Headless_130_0_0_0_(Mac_OS_10_15_7).SegmentBaseLoader Well initialized"/>
  <testcase name="SegmentBaseLoader Well initialized should trigger SEGMENTS_LOADED event with an error when loadSegments function is called without representation parameter" time="0" classname="Chrome_Headless_130_0_0_0_(Mac_OS_10_15_7).SegmentBaseLoader Well initialized"/>
  <testcase name="WebmSegmentBaseLoader Not well initialized should throw an exception when attempting to call setConfig with an empty config parameter or malformed" time="0" classname="Chrome_Headless_130_0_0_0_(Mac_OS_10_15_7).WebmSegmentBaseLoader Not well initialized"/>
  <testcase name="WebmSegmentBaseLoader Well initialized should trigger INITIALIZATION_LOADED event when loadInitialization function is called without representation parameter" time="0.004" classname="Chrome_Headless_130_0_0_0_(Mac_OS_10_15_7).WebmSegmentBaseLoader Well initialized"/>
  <testcase name="WebmSegmentBaseLoader Well initialized should trigger SEGMENTS_LOADED event with an error when loadSegments function is called without representation parameter" time="0.006" classname="Chrome_Headless_130_0_0_0_(Mac_OS_10_15_7).WebmSegmentBaseLoader Well initialized"/>
  <testcase name="DashConstants DashConstants should exist" time="0.002" classname="Chrome_Headless_130_0_0_0_(Mac_OS_10_15_7).DashConstants"/>
  <testcase name="RepresentationController Config correctly passed when data update completed should return current selected representation" time="0" classname="Chrome_Headless_130_0_0_0_(Mac_OS_10_15_7).RepresentationController Config correctly passed when data update completed"/>
  <testcase name="RepresentationController Config correctly passed when data update completed should return null if id is undefined" time="0.001" classname="Chrome_Headless_130_0_0_0_(Mac_OS_10_15_7).RepresentationController Config correctly passed when data update completed"/>
  <testcase name="RepresentationController Config correctly passed when data update completed should update current representation when preparing a quality change" time="0.001" classname="Chrome_Headless_130_0_0_0_(Mac_OS_10_15_7).RepresentationController Config correctly passed when data update completed"/>
  <testcase name="RepresentationController Config correctly passed when data update completed when a MANIFEST_VALIDITY_CHANGED event occurs, should update current representation" time="0" classname="Chrome_Headless_130_0_0_0_(Mac_OS_10_15_7).RepresentationController Config correctly passed when data update completed"/>
  <testcase name="RepresentationController Config correctly passed when a call to reset is done should not contain representation after a call to reset" time="0.001" classname="Chrome_Headless_130_0_0_0_(Mac_OS_10_15_7).RepresentationController Config correctly passed when a call to reset is done"/>
  <testcase name="SegmentsController getSegmentByIndex should return null if representation type is unknown" time="0" classname="Chrome_Headless_130_0_0_0_(Mac_OS_10_15_7).SegmentsController"/>
  <testcase name="SegmentsController getSegmentByTime should return null if representation type is unknown" time="0" classname="Chrome_Headless_130_0_0_0_(Mac_OS_10_15_7).SegmentsController"/>
  <testcase name="DashManifestModel SetConfig not previously called should throw an exception when attempting to call getEndTimeForLastPeriod while setConfig has not been called" time="0" classname="Chrome_Headless_130_0_0_0_(Mac_OS_10_15_7).DashManifestModel SetConfig not previously called"/>
  <testcase name="DashManifestModel SetConfig previously called should throw an exception when attempting to call getIsTypeOf with undefined parameters" time="0.001" classname="Chrome_Headless_130_0_0_0_(Mac_OS_10_15_7).DashManifestModel SetConfig previously called"/>
  <testcase name="DashManifestModel SetConfig previously called should return null when getSuggestedPresentationDelay is called and mpd is undefined" time="0" classname="Chrome_Headless_130_0_0_0_(Mac_OS_10_15_7).DashManifestModel SetConfig previously called"/>
  <testcase name="DashManifestModel SetConfig previously called should return null when getSuggestedPresentationDelay is called and mpd is an empty object" time="0" classname="Chrome_Headless_130_0_0_0_(Mac_OS_10_15_7).DashManifestModel SetConfig previously called"/>
  <testcase name="DashManifestModel SetConfig previously called should return 5 when getSuggestedPresentationDelay is called and mpd is an object with suggestedPresentationDelay attribute" time="0" classname="Chrome_Headless_130_0_0_0_(Mac_OS_10_15_7).DashManifestModel SetConfig previously called"/>
  <testcase name="DashManifestModel SetConfig previously called should return null when getAvailabilityStartTime is called and mpd is undefined" time="0" classname="Chrome_Headless_130_0_0_0_(Mac_OS_10_15_7).DashManifestModel SetConfig previously called"/>
  <testcase name="DashManifestModel SetConfig previously called should return null when getAvailabilityStartTime is called and mpd is an empty object" time="0" classname="Chrome_Headless_130_0_0_0_(Mac_OS_10_15_7).DashManifestModel SetConfig previously called"/>
  <testcase name="DashManifestModel SetConfig previously called should return correct value when getAvailabilityStartTime is called and mpd is object with the availabilityStartTime attribute" time="0" classname="Chrome_Headless_130_0_0_0_(Mac_OS_10_15_7).DashManifestModel SetConfig previously called"/>
  <testcase name="DashManifestModel SetConfig previously called should return empty string when getLanguageForAdaptation is called and adaptation is undefined" time="0" classname="Chrome_Headless_130_0_0_0_(Mac_OS_10_15_7).DashManifestModel SetConfig previously called"/>
  <testcase name="DashManifestModel SetConfig previously called should return an empty array when getViewpointForAdaptation is called and adaptation is undefined" time="0" classname="Chrome_Headless_130_0_0_0_(Mac_OS_10_15_7).DashManifestModel SetConfig previously called"/>
  <testcase name="DashManifestModel SetConfig previously called should return an empty array when getAudioChannelConfigurationForAdaptation is called and adaptation is undefined" time="0" classname="Chrome_Headless_130_0_0_0_(Mac_OS_10_15_7).DashManifestModel SetConfig previously called"/>
  <testcase name="DashManifestModel SetConfig previously called should return an empty array when getAccessibilityForAdaptation is called and adaptation is undefined" time="0" classname="Chrome_Headless_130_0_0_0_(Mac_OS_10_15_7).DashManifestModel SetConfig previously called"/>
  <testcase name="DashManifestModel SetConfig previously called should return an empty array when getRolesForAdaptation is called and adaptation is undefined" time="0" classname="Chrome_Headless_130_0_0_0_(Mac_OS_10_15_7).DashManifestModel SetConfig previously called"/>
  <testcase name="DashManifestModel SetConfig previously called should return an empty array when getEssentialPropertiesForAdaptation" time="0.001" classname="Chrome_Headless_130_0_0_0_(Mac_OS_10_15_7).DashManifestModel SetConfig previously called"/>
  <testcase name="DashManifestModel SetConfig previously called should return an empty array when getEssentialPropertiesForAdaptation" time="0" classname="Chrome_Headless_130_0_0_0_(Mac_OS_10_15_7).DashManifestModel SetConfig previously called"/>
  <testcase name="DashManifestModel SetConfig previously called should return correct array of DescriptorType when getEssentialPropertiesForAdaptation is called" time="0" classname="Chrome_Headless_130_0_0_0_(Mac_OS_10_15_7).DashManifestModel SetConfig previously called"/>
  <testcase name="DashManifestModel SetConfig previously called should return an empty array when getEssentialPropertiesForRepresentation" time="0" classname="Chrome_Headless_130_0_0_0_(Mac_OS_10_15_7).DashManifestModel SetConfig previously called"/>
  <testcase name="DashManifestModel SetConfig previously called should return an empty array when getEssentialPropertiesForRepresentation" time="0" classname="Chrome_Headless_130_0_0_0_(Mac_OS_10_15_7).DashManifestModel SetConfig previously called"/>
  <testcase name="DashManifestModel SetConfig previously called should return correct array of DescriptorType when getEssentialPropertiesForRepresentation is called" time="0.001" classname="Chrome_Headless_130_0_0_0_(Mac_OS_10_15_7).DashManifestModel SetConfig previously called"/>
  <testcase name="DashManifestModel SetConfig previously called should return an empty array when getSupplementalPropertiesForAdaptation" time="0" classname="Chrome_Headless_130_0_0_0_(Mac_OS_10_15_7).DashManifestModel SetConfig previously called"/>
  <testcase name="DashManifestModel SetConfig previously called should return an empty array when getSupplementalPropertiesForAdaptation" time="0" classname="Chrome_Headless_130_0_0_0_(Mac_OS_10_15_7).DashManifestModel SetConfig previously called"/>
  <testcase name="DashManifestModel SetConfig previously called should return correct array of DescriptorType when getSupplementalPropertiesForAdaptation is called" time="0" classname="Chrome_Headless_130_0_0_0_(Mac_OS_10_15_7).DashManifestModel SetConfig previously called"/>
  <testcase name="DashManifestModel SetConfig previously called should return an empty array when getSupplementalPropertiesForRepresentation" time="0" classname="Chrome_Headless_130_0_0_0_(Mac_OS_10_15_7).DashManifestModel SetConfig previously called"/>
  <testcase name="DashManifestModel SetConfig previously called should return an empty array when getSupplementalPropertiesForRepresentation" time="0.001" classname="Chrome_Headless_130_0_0_0_(Mac_OS_10_15_7).DashManifestModel SetConfig previously called"/>
  <testcase name="DashManifestModel SetConfig previously called should return correct array of DescriptorType when getSupplementalPropertiesForRepresentation is called" time="0" classname="Chrome_Headless_130_0_0_0_(Mac_OS_10_15_7).DashManifestModel SetConfig previously called"/>
  <testcase name="DashManifestModel SetConfig previously called should return null when getAdaptationForId is called and id, manifest and periodIndex are undefined" time="0" classname="Chrome_Headless_130_0_0_0_(Mac_OS_10_15_7).DashManifestModel SetConfig previously called"/>
  <testcase name="DashManifestModel SetConfig previously called should return null when getAdaptationForId is called and id and periodIndex are undefined" time="0" classname="Chrome_Headless_130_0_0_0_(Mac_OS_10_15_7).DashManifestModel SetConfig previously called"/>
  <testcase name="DashManifestModel SetConfig previously called should return null when getAdaptationForId is called and id is undefined" time="0" classname="Chrome_Headless_130_0_0_0_(Mac_OS_10_15_7).DashManifestModel SetConfig previously called"/>
  <testcase name="DashManifestModel SetConfig previously called should return null when getAdaptationForId is called and id is undefined and periodIndex = 0" time="0" classname="Chrome_Headless_130_0_0_0_(Mac_OS_10_15_7).DashManifestModel SetConfig previously called"/>
  <testcase name="DashManifestModel SetConfig previously called should return valid value when getAdaptationForId is called and id is 0 and periodIndex = 0" time="0" classname="Chrome_Headless_130_0_0_0_(Mac_OS_10_15_7).DashManifestModel SetConfig previously called"/>
  <testcase name="DashManifestModel SetConfig previously called should return null when getAdaptationForIndex is called and index, manifest and periodIndex are undefined" time="0.001" classname="Chrome_Headless_130_0_0_0_(Mac_OS_10_15_7).DashManifestModel SetConfig previously called"/>
  <testcase name="DashManifestModel SetConfig previously called should return null when getAdaptationForIndex is called and id and periodIndex are undefined" time="0" classname="Chrome_Headless_130_0_0_0_(Mac_OS_10_15_7).DashManifestModel SetConfig previously called"/>
  <testcase name="DashManifestModel SetConfig previously called should return null when getAdaptationForIndex is called and id is undefined" time="0" classname="Chrome_Headless_130_0_0_0_(Mac_OS_10_15_7).DashManifestModel SetConfig previously called"/>
  <testcase name="DashManifestModel SetConfig previously called should return null when getAdaptationForIndex is called and id is undefined and periodIndex = 0" time="0" classname="Chrome_Headless_130_0_0_0_(Mac_OS_10_15_7).DashManifestModel SetConfig previously called"/>
  <testcase name="DashManifestModel SetConfig previously called should return valid value when getAdaptationForIndex is called and id is 0 and periodIndex = 0" time="0" classname="Chrome_Headless_130_0_0_0_(Mac_OS_10_15_7).DashManifestModel SetConfig previously called"/>
  <testcase name="DashManifestModel SetConfig previously called should return -1 when getIndexForAdaptation is called and adaptation, manifest and periodIndex are undefined" time="0" classname="Chrome_Headless_130_0_0_0_(Mac_OS_10_15_7).DashManifestModel SetConfig previously called"/>
  <testcase name="DashManifestModel SetConfig previously called should return -1 when getIndexForAdaptation is called and manifest and periodIndex are undefined" time="0" classname="Chrome_Headless_130_0_0_0_(Mac_OS_10_15_7).DashManifestModel SetConfig previously called"/>
  <testcase name="DashManifestModel SetConfig previously called should return -1 when getIndexForAdaptation is called and periodIndex are undefined" time="0" classname="Chrome_Headless_130_0_0_0_(Mac_OS_10_15_7).DashManifestModel SetConfig previously called"/>
  <testcase name="DashManifestModel SetConfig previously called should return an empty array when getAdaptationsForType is called and manifest, periodIndex and type are undefined" time="0" classname="Chrome_Headless_130_0_0_0_(Mac_OS_10_15_7).DashManifestModel SetConfig previously called"/>
  <testcase name="DashManifestModel SetConfig previously called should return an empty array when getAdaptationsForType is called and periodIndex and type are undefined" time="0.001" classname="Chrome_Headless_130_0_0_0_(Mac_OS_10_15_7).DashManifestModel SetConfig previously called"/>
  <testcase name="DashManifestModel SetConfig previously called should return an empty array when getAdaptationsForType is called and type is undefined" time="0" classname="Chrome_Headless_130_0_0_0_(Mac_OS_10_15_7).DashManifestModel SetConfig previously called"/>
  <testcase name="DashManifestModel SetConfig previously called should return null when getCodec is called and adaptation is undefined" time="0" classname="Chrome_Headless_130_0_0_0_(Mac_OS_10_15_7).DashManifestModel SetConfig previously called"/>
  <testcase name="DashManifestModel SetConfig previously called should return null when getCodec is called and adaptation.Representation is undefined" time="0" classname="Chrome_Headless_130_0_0_0_(Mac_OS_10_15_7).DashManifestModel SetConfig previously called"/>
  <testcase name="DashManifestModel SetConfig previously called should return null when getCodec is called and adaptation.Representation.length is -1" time="0" classname="Chrome_Headless_130_0_0_0_(Mac_OS_10_15_7).DashManifestModel SetConfig previously called"/>
  <testcase name="DashManifestModel SetConfig previously called should return null when getCodec is called and representationId is not an integer" time="0" classname="Chrome_Headless_130_0_0_0_(Mac_OS_10_15_7).DashManifestModel SetConfig previously called"/>
  <testcase name="DashManifestModel SetConfig previously called should return correct codec when getCodec is called and representationId is an integer and addResolutionInfo is true" time="0" classname="Chrome_Headless_130_0_0_0_(Mac_OS_10_15_7).DashManifestModel SetConfig previously called"/>
  <testcase name="DashManifestModel SetConfig previously called should return correct codec when getCodec is called and representationId is an integer and addResolutionInfo is false" time="0" classname="Chrome_Headless_130_0_0_0_(Mac_OS_10_15_7).DashManifestModel SetConfig previously called"/>
  <testcase name="DashManifestModel SetConfig previously called should return correct codec without a correct mime type profile when getCodec is called and representationId is an integer and addResolutionInfo is false" time="0" classname="Chrome_Headless_130_0_0_0_(Mac_OS_10_15_7).DashManifestModel SetConfig previously called"/>
  <testcase name="DashManifestModel SetConfig previously called should return correct codec without an invalid mime type profile when getCodec is called and representationId is an integer and addResolutionInfo is false" time="0" classname="Chrome_Headless_130_0_0_0_(Mac_OS_10_15_7).DashManifestModel SetConfig previously called"/>
  <testcase name="DashManifestModel SetConfig previously called should return null when getMimeType is called and adaptation is undefined" time="0" classname="Chrome_Headless_130_0_0_0_(Mac_OS_10_15_7).DashManifestModel SetConfig previously called"/>
  <testcase name="DashManifestModel SetConfig previously called should return null when getMimeType is called and adaptation.Representation is undefined" time="0" classname="Chrome_Headless_130_0_0_0_(Mac_OS_10_15_7).DashManifestModel SetConfig previously called"/>
  <testcase name="DashManifestModel SetConfig previously called should return null when getMimeType is called and adaptation.Representation.length is -1" time="0" classname="Chrome_Headless_130_0_0_0_(Mac_OS_10_15_7).DashManifestModel SetConfig previously called"/>
  <testcase name="DashManifestModel SetConfig previously called should return empty array when getLabelsForAdaptation is called and adaptation is undefined" time="0" classname="Chrome_Headless_130_0_0_0_(Mac_OS_10_15_7).DashManifestModel SetConfig previously called"/>
  <testcase name="DashManifestModel SetConfig previously called should return empty array when getLabelsForAdaptation is called and adaptation is not well defined" time="0" classname="Chrome_Headless_130_0_0_0_(Mac_OS_10_15_7).DashManifestModel SetConfig previously called"/>
  <testcase name="DashManifestModel SetConfig previously called should return empty array when getLabelsForAdaptation is called and adaptation is not well defined" time="0" classname="Chrome_Headless_130_0_0_0_(Mac_OS_10_15_7).DashManifestModel SetConfig previously called"/>
  <testcase name="DashManifestModel SetConfig previously called should return empty array when getLabelsForAdaptation is called and adaptation is well defined with an empty Label" time="0.001" classname="Chrome_Headless_130_0_0_0_(Mac_OS_10_15_7).DashManifestModel SetConfig previously called"/>
  <testcase name="DashManifestModel SetConfig previously called should return correct array when getLabelsForAdaptation() is called and adaptation is well defined" time="0" classname="Chrome_Headless_130_0_0_0_(Mac_OS_10_15_7).DashManifestModel SetConfig previously called"/>
  <testcase name="DashManifestModel SetConfig previously called should return an empty array when getContentProtectionByAdaptation() is called and adaptation is undefined" time="0" classname="Chrome_Headless_130_0_0_0_(Mac_OS_10_15_7).DashManifestModel SetConfig previously called"/>
  <testcase name="DashManifestModel SetConfig previously called should return an empty array when getContentProtectionByAdaptation() is called and adaptation is defined, but ContentProtection is an empty array" time="0" classname="Chrome_Headless_130_0_0_0_(Mac_OS_10_15_7).DashManifestModel SetConfig previously called"/>
  <testcase name="DashManifestModel SetConfig previously called should return an empty array when getContentProtectionByManifest() is called and manifest is undefined" time="0" classname="Chrome_Headless_130_0_0_0_(Mac_OS_10_15_7).DashManifestModel SetConfig previously called"/>
  <testcase name="DashManifestModel SetConfig previously called should return an empty array when getContentProtectionByManifest() is called and manifest is defined, but ContentProtection is an empty array" time="0" classname="Chrome_Headless_130_0_0_0_(Mac_OS_10_15_7).DashManifestModel SetConfig previously called"/>
  <testcase name="DashManifestModel SetConfig previously called should return all content protection elements when getContentProtectionByManifest() is called and manifest is defined" time="0.001" classname="Chrome_Headless_130_0_0_0_(Mac_OS_10_15_7).DashManifestModel SetConfig previously called"/>
  <testcase name="DashManifestModel SetConfig previously called should return an empty array when getContentProtectionByPeriod() is called and period is undefined" time="0" classname="Chrome_Headless_130_0_0_0_(Mac_OS_10_15_7).DashManifestModel SetConfig previously called"/>
  <testcase name="DashManifestModel SetConfig previously called should return an empty array when getContentProtectionByPeriod() is called and period is defined, but ContentProtection is an empty array" time="0" classname="Chrome_Headless_130_0_0_0_(Mac_OS_10_15_7).DashManifestModel SetConfig previously called"/>
  <testcase name="DashManifestModel SetConfig previously called should return an empty array when getContentProtectionByPeriod() is called and period is defined, but ContentProtection in all child entities is an empty array" time="0" classname="Chrome_Headless_130_0_0_0_(Mac_OS_10_15_7).DashManifestModel SetConfig previously called"/>
  <testcase name="DashManifestModel SetConfig previously called should return all content protection elements when getContentProtectionByPeriod() is called and period is defined" time="0" classname="Chrome_Headless_130_0_0_0_(Mac_OS_10_15_7).DashManifestModel SetConfig previously called"/>
  <testcase name="DashManifestModel SetConfig previously called should return true when isPeriodEncrypted() is called and content protection is defined" time="0.001" classname="Chrome_Headless_130_0_0_0_(Mac_OS_10_15_7).DashManifestModel SetConfig previously called"/>
  <testcase name="DashManifestModel SetConfig previously called should return false when isPeriodEncrypted() is called and content protection is empty" time="0" classname="Chrome_Headless_130_0_0_0_(Mac_OS_10_15_7).DashManifestModel SetConfig previously called"/>
  <testcase name="DashManifestModel SetConfig previously called should return false when isPeriodEncrypted() is called and content protection is not defined" time="0" classname="Chrome_Headless_130_0_0_0_(Mac_OS_10_15_7).DashManifestModel SetConfig previously called"/>
  <testcase name="DashManifestModel SetConfig previously called should return false when getIsDynamic is called and manifest is undefined" time="0" classname="Chrome_Headless_130_0_0_0_(Mac_OS_10_15_7).DashManifestModel SetConfig previously called"/>
  <testcase name="DashManifestModel SetConfig previously called should return Number.MAX_SAFE_NUMBER (or Number.MAX_VALUE in case MAX_SAFE_NUMBER is not defined) when getDuration is called and manifest is undefined" time="0" classname="Chrome_Headless_130_0_0_0_(Mac_OS_10_15_7).DashManifestModel SetConfig previously called"/>
  <testcase name="DashManifestModel SetConfig previously called should return duration when getDuration is called and manifest has a defined mediaPresentationDuration" time="0" classname="Chrome_Headless_130_0_0_0_(Mac_OS_10_15_7).DashManifestModel SetConfig previously called"/>
  <testcase name="DashManifestModel SetConfig previously called should return infinity when getDuration is called and manifest is a dynamic one" time="0" classname="Chrome_Headless_130_0_0_0_(Mac_OS_10_15_7).DashManifestModel SetConfig previously called"/>
  <testcase name="DashManifestModel SetConfig previously called should return 0 when getRepresentationCount is called and adaptation is undefined" time="0" classname="Chrome_Headless_130_0_0_0_(Mac_OS_10_15_7).DashManifestModel SetConfig previously called"/>
  <testcase name="DashManifestModel SetConfig previously called should return NaN when getBandwidth is called and representation is undefined" time="0.001" classname="Chrome_Headless_130_0_0_0_(Mac_OS_10_15_7).DashManifestModel SetConfig previously called"/>
  <testcase name="DashManifestModel SetConfig previously called should return correct value when getBandwidth is called and representation is defined" time="0" classname="Chrome_Headless_130_0_0_0_(Mac_OS_10_15_7).DashManifestModel SetConfig previously called"/>
  <testcase name="DashManifestModel SetConfig previously called should return empty array when getBitrateListForAdaptation is called and adaptation is undefined" time="0" classname="Chrome_Headless_130_0_0_0_(Mac_OS_10_15_7).DashManifestModel SetConfig previously called"/>
  <testcase name="DashManifestModel SetConfig previously called should not return empty array when getBitrateListForAdaptation is called and adaptation is defined" time="0" classname="Chrome_Headless_130_0_0_0_(Mac_OS_10_15_7).DashManifestModel SetConfig previously called"/>
  <testcase name="DashManifestModel SetConfig previously called should return null when getRepresentationFor is called and index and adaptation are undefined" time="0" classname="Chrome_Headless_130_0_0_0_(Mac_OS_10_15_7).DashManifestModel SetConfig previously called"/>
  <testcase name="DashManifestModel SetConfig previously called should return null when getRepresentationFor is called and index and andadaptation.Representation are undefined" time="0" classname="Chrome_Headless_130_0_0_0_(Mac_OS_10_15_7).DashManifestModel SetConfig previously called"/>
  <testcase name="DashManifestModel SetConfig previously called should return null when getRepresentationFor is called and index is undefined" time="0" classname="Chrome_Headless_130_0_0_0_(Mac_OS_10_15_7).DashManifestModel SetConfig previously called"/>
  <testcase name="DashManifestModel SetConfig previously called should return representation.id = video20 when getRepresentationFor is called" time="0" classname="Chrome_Headless_130_0_0_0_(Mac_OS_10_15_7).DashManifestModel SetConfig previously called"/>
  <testcase name="DashManifestModel SetConfig previously called should return undefined when getLocation is called and manifest is undefined" time="0" classname="Chrome_Headless_130_0_0_0_(Mac_OS_10_15_7).DashManifestModel SetConfig previously called"/>
  <testcase name="DashManifestModel SetConfig previously called should return undefined when getLocation is called and manifest is an empty object" time="0" classname="Chrome_Headless_130_0_0_0_(Mac_OS_10_15_7).DashManifestModel SetConfig previously called"/>
  <testcase name="DashManifestModel SetConfig previously called should return valid location when getLocation is called and manifest is a valid object" time="0" classname="Chrome_Headless_130_0_0_0_(Mac_OS_10_15_7).DashManifestModel SetConfig previously called"/>
  <testcase name="DashManifestModel SetConfig previously called should return undefined when getPatchLocation is called and manifest is undefined" time="0" classname="Chrome_Headless_130_0_0_0_(Mac_OS_10_15_7).DashManifestModel SetConfig previously called"/>
  <testcase name="DashManifestModel SetConfig previously called should return undefined when getPatchLocation is called and one is not present" time="0" classname="Chrome_Headless_130_0_0_0_(Mac_OS_10_15_7).DashManifestModel SetConfig previously called"/>
  <testcase name="DashManifestModel SetConfig previously called should return valid patch location when getLocation is called and manifest contains complex location" time="0" classname="Chrome_Headless_130_0_0_0_(Mac_OS_10_15_7).DashManifestModel SetConfig previously called"/>
  <testcase name="DashManifestModel SetConfig previously called should return an empty Array when getUTCTimingSources is called and manifest is undefined" time="0" classname="Chrome_Headless_130_0_0_0_(Mac_OS_10_15_7).DashManifestModel SetConfig previously called"/>
  <testcase name="DashManifestModel SetConfig previously called should return an empty Array when getEventStreamForRepresentation is called and manifest and representation are undefined" time="0.001" classname="Chrome_Headless_130_0_0_0_(Mac_OS_10_15_7).DashManifestModel SetConfig previously called"/>
  <testcase name="DashManifestModel SetConfig previously called should not return an empty Array when getEventStreamForRepresentation is called and manifest and representation are well defined" time="0" classname="Chrome_Headless_130_0_0_0_(Mac_OS_10_15_7).DashManifestModel SetConfig previously called"/>
  <testcase name="DashManifestModel SetConfig previously called should return an empty Array when getEventStreamForAdaptationSet is called and manifest and adaptation are undefined" time="0" classname="Chrome_Headless_130_0_0_0_(Mac_OS_10_15_7).DashManifestModel SetConfig previously called"/>
  <testcase name="DashManifestModel SetConfig previously called should return an empty Array when getEventsForPeriod is called and manifest and period are undefined" time="0" classname="Chrome_Headless_130_0_0_0_(Mac_OS_10_15_7).DashManifestModel SetConfig previously called"/>
  <testcase name="DashManifestModel SetConfig previously called should return mpd.manifest = null when getMpd is called and manifest is undefined" time="0" classname="Chrome_Headless_130_0_0_0_(Mac_OS_10_15_7).DashManifestModel SetConfig previously called"/>
  <testcase name="DashManifestModel SetConfig previously called should return mpd.manifest not null when getMpd is called and manifest is defined" time="0" classname="Chrome_Headless_130_0_0_0_(Mac_OS_10_15_7).DashManifestModel SetConfig previously called"/>
  <testcase name="DashManifestModel SetConfig previously called should return an error when getRegularPeriods and getEndTimeForLastPeriod are called and duration is undefined" time="0.001" classname="Chrome_Headless_130_0_0_0_(Mac_OS_10_15_7).DashManifestModel SetConfig previously called"/>
  <testcase name="DashManifestModel SetConfig previously called should return an empty array when getRegularPeriods is called and mpd is undefined" time="0" classname="Chrome_Headless_130_0_0_0_(Mac_OS_10_15_7).DashManifestModel SetConfig previously called"/>
  <testcase name="DashManifestModel SetConfig previously called should return just the first period when type is static and neither start nor duration period attributes are provided" time="0" classname="Chrome_Headless_130_0_0_0_(Mac_OS_10_15_7).DashManifestModel SetConfig previously called"/>
  <testcase name="DashManifestModel SetConfig previously called should calculate period start and duration properties of periods when duration properties are provided for all but the latest" time="0" classname="Chrome_Headless_130_0_0_0_(Mac_OS_10_15_7).DashManifestModel SetConfig previously called"/>
  <testcase name="DashManifestModel SetConfig previously called should calculate period start and duration properties of periods when start properties are provided for all but the first" time="0.001" classname="Chrome_Headless_130_0_0_0_(Mac_OS_10_15_7).DashManifestModel SetConfig previously called"/>
  <testcase name="DashManifestModel SetConfig previously called should return an empty array when getAdaptationsForPeriod is called and period is undefined" time="0" classname="Chrome_Headless_130_0_0_0_(Mac_OS_10_15_7).DashManifestModel SetConfig previously called"/>
  <testcase name="DashManifestModel SetConfig previously called should not return an empty array when getAdaptationsForPeriod is called and period is defined" time="0" classname="Chrome_Headless_130_0_0_0_(Mac_OS_10_15_7).DashManifestModel SetConfig previously called"/>
  <testcase name="DashManifestModel SetConfig previously called should return an empty array when getRepresentationsForAdaptation is called and adaptation is undefined" time="0" classname="Chrome_Headless_130_0_0_0_(Mac_OS_10_15_7).DashManifestModel SetConfig previously called"/>
  <testcase name="DashManifestModel SetConfig previously called should not return an empty array when getRepresentationsForAdaptation is called and adaptation is defined" time="0.001" classname="Chrome_Headless_130_0_0_0_(Mac_OS_10_15_7).DashManifestModel SetConfig previously called"/>
  <testcase name="DashManifestModel SetConfig previously called should return null when getId is called and manifest undefined" time="0" classname="Chrome_Headless_130_0_0_0_(Mac_OS_10_15_7).DashManifestModel SetConfig previously called"/>
  <testcase name="DashManifestModel SetConfig previously called should return null when getId is called and manifest is missing id" time="0" classname="Chrome_Headless_130_0_0_0_(Mac_OS_10_15_7).DashManifestModel SetConfig previously called"/>
  <testcase name="DashManifestModel SetConfig previously called should return id when getId is called and manifest contains id" time="0" classname="Chrome_Headless_130_0_0_0_(Mac_OS_10_15_7).DashManifestModel SetConfig previously called"/>
  <testcase name="DashManifestModel SetConfig previously called should return false when hasProfile is called and manifest is undefined" time="0" classname="Chrome_Headless_130_0_0_0_(Mac_OS_10_15_7).DashManifestModel SetConfig previously called"/>
  <testcase name="DashManifestModel SetConfig previously called should return true when hasProfile is called and manifest contains a valid DVB profile" time="0" classname="Chrome_Headless_130_0_0_0_(Mac_OS_10_15_7).DashManifestModel SetConfig previously called"/>
  <testcase name="DashManifestModel SetConfig previously called should return false when hasProfile is called and manifest does not contain a valid DVB profile" time="0" classname="Chrome_Headless_130_0_0_0_(Mac_OS_10_15_7).DashManifestModel SetConfig previously called"/>
  <testcase name="DashManifestModel SetConfig previously called should return null when getPublishTime is called and manifest is undefined" time="0" classname="Chrome_Headless_130_0_0_0_(Mac_OS_10_15_7).DashManifestModel SetConfig previously called"/>
  <testcase name="DashManifestModel SetConfig previously called should return valid date object when getPublishTime is called with manifest with valid date" time="0" classname="Chrome_Headless_130_0_0_0_(Mac_OS_10_15_7).DashManifestModel SetConfig previously called"/>
  <testcase name="DashManifestModel SetConfig previously called should return invalid date object when getPublishTime is called with manifest with invalid date" time="0" classname="Chrome_Headless_130_0_0_0_(Mac_OS_10_15_7).DashManifestModel SetConfig previously called"/>
  <testcase name="DashManifestModel SetConfig previously called should return NaN when getManifestUpdatePeriod is called and manifest is undefined" time="0" classname="Chrome_Headless_130_0_0_0_(Mac_OS_10_15_7).DashManifestModel SetConfig previously called"/>
  <testcase name="DashManifestModel SetConfig previously called should return NaN when minimumUpdatePeriod is not present in manifest" time="0" classname="Chrome_Headless_130_0_0_0_(Mac_OS_10_15_7).DashManifestModel SetConfig previously called"/>
  <testcase name="DashManifestModel SetConfig previously called should return valid value when minimumUpdatePeriod is present in manifest and latencyOfLastUpdate is defined" time="0" classname="Chrome_Headless_130_0_0_0_(Mac_OS_10_15_7).DashManifestModel SetConfig previously called"/>
  <testcase name="DashManifestModel SetConfig previously called should return valid value when minimumUpdatePeriod is present in manifest and latencyOfLastUpdate is not defined" time="0" classname="Chrome_Headless_130_0_0_0_(Mac_OS_10_15_7).DashManifestModel SetConfig previously called"/>
  <testcase name="DashManifestModel SetConfig previously called getBaseUrlsFromElement returns an empty Array when no BaseURLs or baseUri are present on a node" time="0" classname="Chrome_Headless_130_0_0_0_(Mac_OS_10_15_7).DashManifestModel SetConfig previously called getBaseUrlsFromElement"/>
[...]
  <testcase name="CapabilitiesFilter filterUnsupportedFeatures filter EssentialProperty values should not filter AdaptationSets and Representations if filterUnsupportedEssentialProperties is disabled" time="0.001" classname="Chrome_Headless_130_0_0_0_(Mac_OS_10_15_7).CapabilitiesFilter filterUnsupportedFeatures filter EssentialProperty values"/>
  <testcase name="CapabilitiesFilter filterUnsupportedFeatures filter EssentialProperty values should not filter AdaptationSets and Representations if EssentialProperties value is supported" time="0.001" classname="Chrome_Headless_130_0_0_0_(Mac_OS_10_15_7).CapabilitiesFilter filterUnsupportedFeatures filter EssentialProperty values"/>
  <testcase name="CapabilitiesFilter filterUnsupportedFeatures filter EssentialProperty values should filter AdaptationSets if EssentialProperty value is not supported" time="0.001" classname="Chrome_Headless_130_0_0_0_(Mac_OS_10_15_7).CapabilitiesFilter filterUnsupportedFeatures filter EssentialProperty values"/>
  <testcase name="CapabilitiesFilter filterUnsupportedFeatures filter EssentialProperty values should filter a single Representation if EssentialProperty value is not supported" time="0.001" classname="Chrome_Headless_130_0_0_0_(Mac_OS_10_15_7).CapabilitiesFilter filterUnsupportedFeatures filter EssentialProperty values"/>
  <testcase name="CapabilitiesFilter filterUnsupportedFeatures custom filters should keep manifest unchanged when no custom filter is provided" time="0.001" classname="Chrome_Headless_130_0_0_0_(Mac_OS_10_15_7).CapabilitiesFilter filterUnsupportedFeatures custom filters"/>
  <testcase name="CapabilitiesFilter filterUnsupportedFeatures custom filters should use provided custom boolean filter" time="0.001" classname="Chrome_Headless_130_0_0_0_(Mac_OS_10_15_7).CapabilitiesFilter filterUnsupportedFeatures custom filters"/>
  <testcase name="CapabilitiesFilter filterUnsupportedFeatures custom filters should use provided custom promise filter" time="0.001" classname="Chrome_Headless_130_0_0_0_(Mac_OS_10_15_7).CapabilitiesFilter filterUnsupportedFeatures custom filters"/>
  <testcase name="CapabilitiesFilter filterUnsupportedFeatures custom filters should use provided custom filters - boolean + promise" time="0" classname="Chrome_Headless_130_0_0_0_(Mac_OS_10_15_7).CapabilitiesFilter filterUnsupportedFeatures custom filters"/>
  <testcase name="CapabilitiesFilter filterUnsupportedFeatures custom filters should handle rejected promises" time="0.001" classname="Chrome_Headless_130_0_0_0_(Mac_OS_10_15_7).CapabilitiesFilter filterUnsupportedFeatures custom filters"/>
  <testcase name="CustomTimeRanges should return an empty array called customTimeRangeArray when CustomTimeRanges instance is created" time="0.001" classname="Chrome_Headless_130_0_0_0_(Mac_OS_10_15_7).CustomTimeRanges"/>
  <testcase name="CustomTimeRanges should throw an exception when attempting to call start with a parameter which is not an integer" time="0" classname="Chrome_Headless_130_0_0_0_(Mac_OS_10_15_7).CustomTimeRanges"/>
  <testcase name="CustomTimeRanges should throw an exception when attempting to call end with a parameter which is not an integer" time="0" classname="Chrome_Headless_130_0_0_0_(Mac_OS_10_15_7).CustomTimeRanges"/>
  <testcase name="CustomTimeRanges should return NaN when start function is called with an index bigger than customTimeRangeArray.length" time="0" classname="Chrome_Headless_130_0_0_0_(Mac_OS_10_15_7).CustomTimeRanges"/>
  <testcase name="CustomTimeRanges should return NaN when end function is called with an index bigger than customTimeRangeArray.length" time="0" classname="Chrome_Headless_130_0_0_0_(Mac_OS_10_15_7).CustomTimeRanges"/>
  <testcase name="CustomTimeRanges should return the correct start and end value" time="0" classname="Chrome_Headless_130_0_0_0_(Mac_OS_10_15_7).CustomTimeRanges"/>
  <testcase name="DOMStorage Not well initialized should throw an error when getSavedBitrateSettings is called and config object has not been set properly" time="0" classname="Chrome_Headless_130_0_0_0_(Mac_OS_10_15_7).DOMStorage Not well initialized"/>
  <testcase name="DOMStorage Not well initialized should throw an error when getSavedMediaSettings is called and config object has not been set properly" time="0.001" classname="Chrome_Headless_130_0_0_0_(Mac_OS_10_15_7).DOMStorage Not well initialized"/>
  <testcase name="DOMStorage Well initialized and window is unknown should return NaN when getSavedBitrateSettings is called and config object has been set properly" time="0" classname="Chrome_Headless_130_0_0_0_(Mac_OS_10_15_7).DOMStorage Well initialized and window is unknown"/>
  <testcase name="DOMStorage Well initialized and window is unknown should return undefined when getSavedMediaSettings is called and config object has been set properly" time="0" classname="Chrome_Headless_130_0_0_0_(Mac_OS_10_15_7).DOMStorage Well initialized and window is unknown"/>
  <testcase name="DOMStorage Well initialized and window is defined should return NaN when getSavedBitrateSettings is called and config object has been set properly" time="0" classname="Chrome_Headless_130_0_0_0_(Mac_OS_10_15_7).DOMStorage Well initialized and window is defined"/>
  <testcase name="DOMStorage Well initialized and window is defined should return null when getSavedMediaSettings is called and config object has been set properly" time="0.001" classname="Chrome_Headless_130_0_0_0_(Mac_OS_10_15_7).DOMStorage Well initialized and window is defined"/>
  <testcase name="BaseURLResolution/DVBSelector should return undefined when the input is undefined" time="0" classname="Chrome_Headless_130_0_0_0_(Mac_OS_10_15_7).BaseURLResolution/DVBSelector"/>
  <testcase name="BaseURLResolution/DVBSelector should return undefined when the input is empty" time="0" classname="Chrome_Headless_130_0_0_0_(Mac_OS_10_15_7).BaseURLResolution/DVBSelector"/>
  <testcase name="BaseURLResolution/DVBSelector should return undefined when the blacklist contains the requested serviceLocation" time="0" classname="Chrome_Headless_130_0_0_0_(Mac_OS_10_15_7).BaseURLResolution/DVBSelector"/>
  <testcase name="BaseURLResolution/DVBSelector should return the first entry in the list when the blacklist does not contain the requested serviceLocation" time="0" classname="Chrome_Headless_130_0_0_0_(Mac_OS_10_15_7).BaseURLResolution/DVBSelector"/>
  <testcase name="BaseURLResolution/DVBSelector should return the next entry in the list when the blacklist contains the serviceLocation of the first" time="0" classname="Chrome_Headless_130_0_0_0_(Mac_OS_10_15_7).BaseURLResolution/DVBSelector"/>
  <testcase name="BaseURLResolution/DVBSelector should return undefined when the blacklist contains all the serviceLocations" time="0" classname="Chrome_Headless_130_0_0_0_(Mac_OS_10_15_7).BaseURLResolution/DVBSelector"/>
  <testcase name="BaseURLResolution/DVBSelector should select baseUrls as defined in the example in DVB A168 10.8.2.4" time="0.001" classname="Chrome_Headless_130_0_0_0_(Mac_OS_10_15_7).BaseURLResolution/DVBSelector"/>
  <testcase name="BaseURLResolution/DVBSelector should not select baseUrls with invalid priority when there is another option" time="0" classname="Chrome_Headless_130_0_0_0_(Mac_OS_10_15_7).BaseURLResolution/DVBSelector"/>
  <testcase name="BaseURLResolution/DVBSelector should select baseUrls with invalid priority if there is no other option" time="0" classname="Chrome_Headless_130_0_0_0_(Mac_OS_10_15_7).BaseURLResolution/DVBSelector"/>
  <testcase name="InitCache extract should return null when extract is called and parameters are undefined" time="0" classname="Chrome_Headless_130_0_0_0_(Mac_OS_10_15_7).InitCache extract"/>
  <testcase name="InitCache extract should return null when extract is called and streamId is undefined" time="0" classname="Chrome_Headless_130_0_0_0_(Mac_OS_10_15_7).InitCache extract"/>
  <testcase name="InitCache extract should return null when extract is called and representationId is undefined" time="0" classname="Chrome_Headless_130_0_0_0_(Mac_OS_10_15_7).InitCache extract"/>
  <testcase name="InitCache extract should return when extract is called and representationId is undefined" time="0" classname="Chrome_Headless_130_0_0_0_(Mac_OS_10_15_7).InitCache extract"/>
  <testcase name="IsoFile when no parsed file has been set should return null when getBoxes is called and no parsed file has been set" time="0" classname="Chrome_Headless_130_0_0_0_(Mac_OS_10_15_7).IsoFile when no parsed file has been set"/>
  <testcase name="IsoFile when no parsed file has been set should return null when getBox is called and no parsed file has been set" time="0" classname="Chrome_Headless_130_0_0_0_(Mac_OS_10_15_7).IsoFile when no parsed file has been set"/>
  <testcase name="IsoFile when no parsed file has been set should return null when getLastBox is called and no parsed file has been set" time="0" classname="Chrome_Headless_130_0_0_0_(Mac_OS_10_15_7).IsoFile when no parsed file has been set"/>
  <testcase name="IsoFile when no parsed file has been set should return null when getBox is called and type is undefined" time="0" classname="Chrome_Headless_130_0_0_0_(Mac_OS_10_15_7).IsoFile when no parsed file has been set"/>
  <testcase name="IsoFile when incorrect parsed file has been set should return an empty array when getBoxes is called and type is undefined" time="0" classname="Chrome_Headless_130_0_0_0_(Mac_OS_10_15_7).IsoFile when incorrect parsed file has been set"/>
  <testcase name="IsoFile when incorrect parsed file has been set should return null when getLastBox is called" time="0" classname="Chrome_Headless_130_0_0_0_(Mac_OS_10_15_7).IsoFile when incorrect parsed file has been set"/>
  <testcase name="IsoFile when incorrect parsed file has been set should return an empty array when getBoxes is called" time="0" classname="Chrome_Headless_130_0_0_0_(Mac_OS_10_15_7).IsoFile when incorrect parsed file has been set"/>
  <testcase name="IsoFile when incorrect parsed file has been set should return null when getBox is called and parsedFile has no boxes attribute" time="0" classname="Chrome_Headless_130_0_0_0_(Mac_OS_10_15_7).IsoFile when incorrect parsed file has been set"/>
  <testcase name="IsoFile when incorrect parsed file has been set should return null when getBox is called and parsedFile has an empty boxes array attribute" time="0" classname="Chrome_Headless_130_0_0_0_(Mac_OS_10_15_7).IsoFile when incorrect parsed file has been set"/>
  <testcase name="IsoFile when incorrect parsed file has been set should return null when getBox is called and parsedFile is incorrect" time="0" classname="Chrome_Headless_130_0_0_0_(Mac_OS_10_15_7).IsoFile when incorrect parsed file has been set"/>
  <testcase name="IsoFile when a correct parsed file has been set should return null when getBox is called and type is not present in boxes array" time="0" classname="Chrome_Headless_130_0_0_0_(Mac_OS_10_15_7).IsoFile when a correct parsed file has been set"/>
  <testcase name="IsoFile when a correct parsed file has been set should return the good box when getBox is called and type is present in boxes array" time="0" classname="Chrome_Headless_130_0_0_0_(Mac_OS_10_15_7).IsoFile when a correct parsed file has been set"/>
  <testcase name="IsoFile when a correct parsed file has been set should return the good box when getLastBox is called" time="0" classname="Chrome_Headless_130_0_0_0_(Mac_OS_10_15_7).IsoFile when a correct parsed file has been set"/>
  <testcase name="ObjectUtils equal should return true if object are equals - declared parameters in same order" time="0" classname="Chrome_Headless_130_0_0_0_(Mac_OS_10_15_7).ObjectUtils equal"/>
  <testcase name="ObjectUtils equal should return true if object are equals - declared parameters in different order" time="0" classname="Chrome_Headless_130_0_0_0_(Mac_OS_10_15_7).ObjectUtils equal"/>
  <testcase name="ObjectUtils equal should return false if object are different" time="0" classname="Chrome_Headless_130_0_0_0_(Mac_OS_10_15_7).ObjectUtils equal"/>
  <testcase name="TTMLParser parse should return an empty array when parse is called and parameters are undefined" time="0" classname="Chrome_Headless_130_0_0_0_(Mac_OS_10_15_7).TTMLParser parse"/>
  <testcase name="TTMLParser parse should return the correct captions array" time="0.007" classname="Chrome_Headless_130_0_0_0_(Mac_OS_10_15_7).TTMLParser parse"/>
  <testcase name="URLUtils isHTTPURL should return true for an url with http scheme" time="0" classname="Chrome_Headless_130_0_0_0_(Mac_OS_10_15_7).URLUtils isHTTPURL"/>
  <testcase name="URLUtils isHTTPURL should return true for an url with https scheme" time="0" classname="Chrome_Headless_130_0_0_0_(Mac_OS_10_15_7).URLUtils isHTTPURL"/>
  <testcase name="URLUtils isHTTPURL should return false for a non-HTTP-URL url" time="0" classname="Chrome_Headless_130_0_0_0_(Mac_OS_10_15_7).URLUtils isHTTPURL"/>
  <testcase name="URLUtils isRelative should return true for a relative url" time="0" classname="Chrome_Headless_130_0_0_0_(Mac_OS_10_15_7).URLUtils isRelative"/>
  <testcase name="URLUtils isRelative should return false for an absolute url" time="0" classname="Chrome_Headless_130_0_0_0_(Mac_OS_10_15_7).URLUtils isRelative"/>
  <testcase name="URLUtils isRelative should return true for a path-absolute url" time="0" classname="Chrome_Headless_130_0_0_0_(Mac_OS_10_15_7).URLUtils isRelative"/>
  <testcase name="URLUtils isRelative should return true for a protocol-relative url" time="0" classname="Chrome_Headless_130_0_0_0_(Mac_OS_10_15_7).URLUtils isRelative"/>
  <testcase name="URLUtils isSchemeRelative should return false for a non-scheme-relative url" time="0" classname="Chrome_Headless_130_0_0_0_(Mac_OS_10_15_7).URLUtils isSchemeRelative"/>
  <testcase name="URLUtils isSchemeRelative should return true for a protocol-relative url" time="0" classname="Chrome_Headless_130_0_0_0_(Mac_OS_10_15_7).URLUtils isSchemeRelative"/>
  <testcase name="URLUtils isPathAbsolute should return true for a path-absolute url" time="0" classname="Chrome_Headless_130_0_0_0_(Mac_OS_10_15_7).URLUtils isPathAbsolute"/>
  <testcase name="URLUtils isPathAbsolute should return false for a relative url" time="0" classname="Chrome_Headless_130_0_0_0_(Mac_OS_10_15_7).URLUtils isPathAbsolute"/>
  <testcase name="URLUtils isPathAbsolute should return false for an absolute url" time="0" classname="Chrome_Headless_130_0_0_0_(Mac_OS_10_15_7).URLUtils isPathAbsolute"/>
  <testcase name="URLUtils parseBaseUrl should return the base url of a valid url" time="0" classname="Chrome_Headless_130_0_0_0_(Mac_OS_10_15_7).URLUtils parseBaseUrl"/>
  <testcase name="URLUtils parseBaseUrl should return the base url if no relative portion" time="0" classname="Chrome_Headless_130_0_0_0_(Mac_OS_10_15_7).URLUtils parseBaseUrl"/>
  <testcase name="URLUtils parseBaseUrl should return the base url ignoring any query string" time="0" classname="Chrome_Headless_130_0_0_0_(Mac_OS_10_15_7).URLUtils parseBaseUrl"/>
  <testcase name="URLUtils parseBaseUrl should return the base url if scheme-relative and origin only" time="0" classname="Chrome_Headless_130_0_0_0_(Mac_OS_10_15_7).URLUtils parseBaseUrl"/>
  <testcase name="URLUtils parseBaseUrl should return an empty string if argument is not a url" time="0" classname="Chrome_Headless_130_0_0_0_(Mac_OS_10_15_7).URLUtils parseBaseUrl"/>
  <testcase name="URLUtils parseOrigin should return the scheme and origin url of a valid url" time="0" classname="Chrome_Headless_130_0_0_0_(Mac_OS_10_15_7).URLUtils parseOrigin"/>
  <testcase name="URLUtils parseOrigin should return the scheme and origin url if no relative portion" time="0" classname="Chrome_Headless_130_0_0_0_(Mac_OS_10_15_7).URLUtils parseOrigin"/>
  <testcase name="URLUtils parseOrigin should return the original url if scheme and origin only" time="0" classname="Chrome_Headless_130_0_0_0_(Mac_OS_10_15_7).URLUtils parseOrigin"/>
  <testcase name="URLUtils parseOrigin should return an empty string if url is scheme-relative" time="0" classname="Chrome_Headless_130_0_0_0_(Mac_OS_10_15_7).URLUtils parseOrigin"/>
  <testcase name="URLUtils parseOrigin should return an empty string if argument is not a url" time="0" classname="Chrome_Headless_130_0_0_0_(Mac_OS_10_15_7).URLUtils parseOrigin"/>
  <testcase name="URLUtils parseScheme should return the scheme of a valid url" time="0" classname="Chrome_Headless_130_0_0_0_(Mac_OS_10_15_7).URLUtils parseScheme"/>
  <testcase name="URLUtils parseScheme should return an empty string if url is scheme-relative" time="0" classname="Chrome_Headless_130_0_0_0_(Mac_OS_10_15_7).URLUtils parseScheme"/>
  <testcase name="URLUtils parseScheme should return an empty string if argument is not a url" time="0" classname="Chrome_Headless_130_0_0_0_(Mac_OS_10_15_7).URLUtils parseScheme"/>
  <testcase name="URLUtils resolve (fallback path) should resolve a baseurl and relative url" time="0" classname="Chrome_Headless_130_0_0_0_(Mac_OS_10_15_7).URLUtils resolve (fallback path)"/>
  <testcase name="URLUtils resolve (fallback path) should resolve a baseurl and relative url (2)" time="0" classname="Chrome_Headless_130_0_0_0_(Mac_OS_10_15_7).URLUtils resolve (fallback path)"/>
  <testcase name="URLUtils resolve (fallback path) should resolve a baseurl and path absolute url" time="0.001" classname="Chrome_Headless_130_0_0_0_(Mac_OS_10_15_7).URLUtils resolve (fallback path)"/>
  <testcase name="URLUtils resolve (fallback path) should just return url if absolute" time="0" classname="Chrome_Headless_130_0_0_0_(Mac_OS_10_15_7).URLUtils resolve (fallback path)"/>
  <testcase name="URLUtils resolve (fallback path) should resolve a baseurl with no slash and relative url" time="0" classname="Chrome_Headless_130_0_0_0_(Mac_OS_10_15_7).URLUtils resolve (fallback path)"/>
  <testcase name="URLUtils resolve (fallback path) should return url if baseurl is undefined" time="0" classname="Chrome_Headless_130_0_0_0_(Mac_OS_10_15_7).URLUtils resolve (fallback path)"/>
  <testcase name="URLUtils resolve (fallback path) should resolve a baseurl and scheme-relative url" time="0" classname="Chrome_Headless_130_0_0_0_(Mac_OS_10_15_7).URLUtils resolve (fallback path)"/>
  <testcase name="URLUtils resolve (native path) should return url when baseurl is invalid" time="0" classname="Chrome_Headless_130_0_0_0_(Mac_OS_10_15_7).URLUtils resolve (native path)"/>
  <testcase name="URLUtils resolve (native path) should resolve correctly when input is valid" time="0" classname="Chrome_Headless_130_0_0_0_(Mac_OS_10_15_7).URLUtils resolve (native path)"/>
  <testcase name="URLUtils isHTTPS should return false for an url with http scheme" time="0" classname="Chrome_Headless_130_0_0_0_(Mac_OS_10_15_7).URLUtils isHTTPS"/>
  <testcase name="URLUtils isHTTPS should return true for an url with https scheme" time="0" classname="Chrome_Headless_130_0_0_0_(Mac_OS_10_15_7).URLUtils isHTTPS"/>
  <testcase name="URLUtils isHTTPS should return false for a non-HTTP-URL url" time="0" classname="Chrome_Headless_130_0_0_0_(Mac_OS_10_15_7).URLUtils isHTTPS"/>
  <testcase name="URLUtils isHTTPS should return false for a relative url" time="0.001" classname="Chrome_Headless_130_0_0_0_(Mac_OS_10_15_7).URLUtils isHTTPS"/>
  <testcase name="VTTParser should return an empty array when parse is called and data is not defined" time="0" classname="Chrome_Headless_130_0_0_0_(Mac_OS_10_15_7).VTTParser"/>
  <testcase name="VTTParser should return an array with a size of 8 when parse is called and data is vttSample" time="0.003" classname="Chrome_Headless_130_0_0_0_(Mac_OS_10_15_7).VTTParser"/>
  <system-out>
    <![CDATA[
]]>
  </system-out>
  <system-err/>
</testsuite>